<?xml version="1.0" encoding="UTF-8"?>
<!-- Generated by org.testng.reporters.JUnitReportReporter -->
<testsuite hostname="LAPTOP-7DL7U0J0" failures="0" tests="4" name="com.qa.medicare.testcases.ProductRangePageTest" time="12.955" errors="0" timestamp="2021-10-07T12:22:39 GMT+03:00" skipped="0">
  <testcase classname="com.qa.medicare.testcases.ProductRangePageTest" name="CheckProductePage" time="1.993"/>
  <system-out/>
  <testcase classname="com.qa.medicare.testcases.ProductRangePageTest" name="CheckRespiratorycarePage" time="5.783"/>
  <system-out/>
  <testcase classname="com.qa.medicare.testcases.ProductRangePageTest" name="CheckAspiratorsPage" time="3.447"/>
  <system-out/>
  <testcase classname="com.qa.medicare.testcases.ProductRangePageTest" name="CheckDiaphragmPumpsPage" time="1.732"/>
  <system-out/>
</testsuite> <!-- com.qa.medicare.testcases.ProductRangePageTest -->
