<?xml version="1.0" encoding="UTF-8"?>
<!-- Generated by org.testng.reporters.JUnitReportReporter -->
<testsuite hostname="LAPTOP-7DL7U0J0" failures="0" tests="1" name="com.qa.medicare.testcases.OrderInquiryPageTest" time="3.730" errors="0" timestamp="2021-10-07T12:28:45 GMT+03:00" skipped="0">
  <testcase classname="com.qa.medicare.testcases.OrderInquiryPageTest" name="Submitorderinquri" time="3.730"/>
  <system-out/>
</testsuite> <!-- com.qa.medicare.testcases.OrderInquiryPageTest -->
